2023-11-14 21:12:39.374 CST [20261] LOG:  starting PostgreSQL 16.1 on aarch64-apple-darwin21.6.0, compiled by Apple clang version 14.0.0 (clang-1400.0.29.102), 64-bit
2023-11-14 21:12:39.379 CST [20261] LOG:  listening on IPv6 address "::1", port 5433
2023-11-14 21:12:39.379 CST [20261] LOG:  listening on IPv4 address "127.0.0.1", port 5433
2023-11-14 21:12:39.380 CST [20261] LOG:  listening on Unix socket "/tmp/.s.PGSQL.5433"
2023-11-14 21:12:39.381 CST [20269] LOG:  database system was shut down at 2023-11-14 21:12:39 CST
2023-11-14 21:12:39.382 CST [20261] LOG:  database system is ready to accept connections
2023-11-14 21:17:39.382 CST [20267] LOG:  checkpoint starting: time
2023-11-14 21:19:18.668 CST [20267] LOG:  checkpoint complete: wrote 983 buffers (6.0%); 0 WAL file(s) added, 0 removed, 0 recycled; write=99.270 s, sync=0.014 s, total=99.287 s; sync files=317, longest=0.001 s, average=0.001 s; distance=4634 kB, estimate=4634 kB; lsn=0/1BD0548, redo lsn=0/1BD0510
2023-11-14 21:19:58.456 CST [20261] LOG:  received fast shutdown request
2023-11-14 21:19:58.456 CST [20261] LOG:  aborting any active transactions
2023-11-14 21:19:58.457 CST [20261] LOG:  background worker "logical replication launcher" (PID 20272) exited with exit code 1
2023-11-14 21:19:58.457 CST [20267] LOG:  shutting down
2023-11-14 21:19:58.457 CST [20267] LOG:  checkpoint starting: shutdown immediate
2023-11-14 21:19:58.457 CST [20267] LOG:  checkpoint complete: wrote 0 buffers (0.0%); 0 WAL file(s) added, 0 removed, 0 recycled; write=0.001 s, sync=0.000 s, total=0.001 s; sync files=0, longest=0.000 s, average=0.000 s; distance=0 kB, estimate=4171 kB; lsn=0/1BD05F8, redo lsn=0/1BD05F8
2023-11-14 21:19:58.459 CST [20261] LOG:  database system is shut down
2023-11-14 21:20:41.215 CST [20481] LOG:  starting PostgreSQL 16.1 on aarch64-apple-darwin21.6.0, compiled by Apple clang version 14.0.0 (clang-1400.0.29.102), 64-bit
2023-11-14 21:20:41.216 CST [20481] LOG:  listening on IPv6 address "::1", port 5433
2023-11-14 21:20:41.216 CST [20481] LOG:  listening on IPv4 address "127.0.0.1", port 5433
2023-11-14 21:20:41.217 CST [20481] LOG:  listening on Unix socket "/tmp/.s.PGSQL.5433"
2023-11-14 21:20:41.218 CST [20484] LOG:  database system was shut down at 2023-11-14 21:20:16 CST
2023-11-14 21:20:41.220 CST [20481] LOG:  database system is ready to accept connections
2023-11-14 21:21:13.464 CST [20481] LOG:  received fast shutdown request
2023-11-14 21:21:13.464 CST [20481] LOG:  aborting any active transactions
2023-11-14 21:21:13.465 CST [20481] LOG:  background worker "logical replication launcher" (PID 20487) exited with exit code 1
2023-11-14 21:21:13.466 CST [20482] LOG:  shutting down
2023-11-14 21:21:13.466 CST [20482] LOG:  checkpoint starting: shutdown immediate
2023-11-14 21:21:13.467 CST [20482] LOG:  checkpoint complete: wrote 4 buffers (0.0%); 0 WAL file(s) added, 0 removed, 0 recycled; write=0.001 s, sync=0.001 s, total=0.002 s; sync files=3, longest=0.001 s, average=0.001 s; distance=2 kB, estimate=2 kB; lsn=0/1BD1920, redo lsn=0/1BD1920
2023-11-14 21:21:13.468 CST [20481] LOG:  database system is shut down
2023-11-14 21:21:37.022 CST [20504] LOG:  starting PostgreSQL 16.1 on aarch64-apple-darwin21.6.0, compiled by Apple clang version 14.0.0 (clang-1400.0.29.102), 64-bit
2023-11-14 21:21:37.023 CST [20504] LOG:  listening on IPv6 address "::1", port 5433
2023-11-14 21:21:37.023 CST [20504] LOG:  listening on IPv4 address "127.0.0.1", port 5433
2023-11-14 21:21:37.024 CST [20504] LOG:  listening on Unix socket "/tmp/.s.PGSQL.5433"
2023-11-14 21:21:37.025 CST [20507] LOG:  database system was shut down at 2023-11-14 21:21:34 CST
2023-11-14 21:21:37.026 CST [20504] LOG:  database system is ready to accept connections
2023-11-14 21:26:37.026 CST [20505] LOG:  checkpoint starting: time
2023-11-14 21:26:37.133 CST [20505] LOG:  checkpoint complete: wrote 4 buffers (0.0%); 0 WAL file(s) added, 0 removed, 0 recycled; write=0.102 s, sync=0.002 s, total=0.108 s; sync files=3, longest=0.001 s, average=0.001 s; distance=2 kB, estimate=2 kB; lsn=0/1BD2EA8, redo lsn=0/1BD2E70
2023-11-14 21:27:20.587 CST [20504] LOG:  received fast shutdown request
2023-11-14 21:27:20.587 CST [20504] LOG:  aborting any active transactions
2023-11-14 21:27:20.587 CST [20504] LOG:  background worker "logical replication launcher" (PID 20510) exited with exit code 1
2023-11-14 21:27:20.588 CST [20505] LOG:  shutting down
2023-11-14 21:27:20.588 CST [20505] LOG:  checkpoint starting: shutdown immediate
2023-11-14 21:27:20.588 CST [20505] LOG:  checkpoint complete: wrote 0 buffers (0.0%); 0 WAL file(s) added, 0 removed, 0 recycled; write=0.001 s, sync=0.001 s, total=0.001 s; sync files=0, longest=0.000 s, average=0.000 s; distance=0 kB, estimate=2 kB; lsn=0/1BD2F58, redo lsn=0/1BD2F58
2023-11-14 21:27:20.589 CST [20504] LOG:  database system is shut down
2023-11-14 21:27:29.233 CST [20628] LOG:  starting PostgreSQL 16.1 on aarch64-apple-darwin21.6.0, compiled by Apple clang version 14.0.0 (clang-1400.0.29.102), 64-bit
2023-11-14 21:27:29.234 CST [20628] LOG:  listening on IPv6 address "::1", port 5433
2023-11-14 21:27:29.234 CST [20628] LOG:  listening on IPv4 address "127.0.0.1", port 5433
2023-11-14 21:27:29.234 CST [20628] LOG:  listening on Unix socket "/tmp/.s.PGSQL.5433"
2023-11-14 21:27:29.236 CST [20631] LOG:  database system was shut down at 2023-11-14 21:27:20 CST
2023-11-14 21:27:29.238 CST [20628] LOG:  database system is ready to accept connections
2023-11-14 21:32:00.663 CST [20628] LOG:  received fast shutdown request
2023-11-14 21:32:00.663 CST [20628] LOG:  aborting any active transactions
2023-11-14 21:32:00.663 CST [20646] FATAL:  terminating connection due to administrator command
2023-11-14 21:32:00.664 CST [20628] LOG:  background worker "logical replication launcher" (PID 20634) exited with exit code 1
2023-11-14 21:32:00.665 CST [20629] LOG:  shutting down
2023-11-14 21:32:00.665 CST [20629] LOG:  checkpoint starting: shutdown immediate
2023-11-14 21:32:00.666 CST [20629] LOG:  checkpoint complete: wrote 3 buffers (0.0%); 0 WAL file(s) added, 0 removed, 0 recycled; write=0.001 s, sync=0.001 s, total=0.001 s; sync files=2, longest=0.001 s, average=0.001 s; distance=0 kB, estimate=0 kB; lsn=0/1BD3008, redo lsn=0/1BD3008
2023-11-14 21:32:00.667 CST [20628] LOG:  database system is shut down
2023-11-16 19:29:54.091 CST [23460] LOG:  starting PostgreSQL 16.1 on aarch64-apple-darwin21.6.0, compiled by Apple clang version 14.0.0 (clang-1400.0.29.102), 64-bit
2023-11-16 19:29:54.094 CST [23460] LOG:  listening on IPv6 address "::1", port 5433
2023-11-16 19:29:54.094 CST [23460] LOG:  listening on IPv4 address "127.0.0.1", port 5433
2023-11-16 19:29:54.094 CST [23460] LOG:  listening on Unix socket "/tmp/.s.PGSQL.5433"
2023-11-16 19:29:54.099 CST [23463] LOG:  database system was shut down at 2023-11-14 21:32:00 CST
2023-11-16 19:29:54.103 CST [23460] LOG:  database system is ready to accept connections
2023-11-16 19:34:54.100 CST [23461] LOG:  checkpoint starting: time
2023-11-16 19:34:54.104 CST [23461] LOG:  checkpoint complete: wrote 3 buffers (0.0%); 0 WAL file(s) added, 0 removed, 0 recycled; write=0.001 s, sync=0.001 s, total=0.005 s; sync files=2, longest=0.001 s, average=0.001 s; distance=0 kB, estimate=0 kB; lsn=0/1BD30F0, redo lsn=0/1BD30B8
2023-11-16 19:39:54.104 CST [23461] LOG:  checkpoint starting: time
2023-11-16 19:39:54.212 CST [23461] LOG:  checkpoint complete: wrote 1 buffers (0.0%); 0 WAL file(s) added, 0 removed, 0 recycled; write=0.102 s, sync=0.001 s, total=0.108 s; sync files=1, longest=0.001 s, average=0.001 s; distance=0 kB, estimate=0 kB; lsn=0/1BD3340, redo lsn=0/1BD3308
2023-11-16 19:48:54.118 CST [23550] ERROR:  new locale provider (libc) does not match locale provider of the template database (icu)
2023-11-16 19:48:54.118 CST [23550] HINT:  Use the same locale provider as in the template database, or use template0 as template.
2023-11-16 19:48:54.118 CST [23550] STATEMENT:  CREATE DATABASE "VetsPlace"
	    WITH
	    OWNER = postgres
	    ENCODING = 'UTF8'
	    LOCALE_PROVIDER = 'libc'
	    CONNECTION LIMIT = -1
	    IS_TEMPLATE = False;
	
2023-11-16 19:49:44.187 CST [23461] LOG:  checkpoint starting: immediate force wait
2023-11-16 19:49:44.229 CST [23461] LOG:  checkpoint complete: wrote 940 buffers (5.7%); 0 WAL file(s) added, 0 removed, 1 recycled; write=0.034 s, sync=0.008 s, total=0.043 s; sync files=301, longest=0.001 s, average=0.001 s; distance=4324 kB, estimate=4324 kB; lsn=0/200C528, redo lsn=0/200C4F0
2023-11-16 19:50:02.426 CST [23727] FATAL:  database "jesse" does not exist
2023-11-16 19:50:07.264 CST [23728] FATAL:  database "jesse" does not exist
2023-11-16 19:50:08.713 CST [23460] LOG:  received fast shutdown request
2023-11-16 19:50:08.713 CST [23460] LOG:  aborting any active transactions
2023-11-16 19:50:08.713 CST [23550] FATAL:  terminating connection due to administrator command
2023-11-16 19:50:08.713 CST [23715] FATAL:  terminating connection due to administrator command
2023-11-16 19:50:08.714 CST [23460] LOG:  background worker "logical replication launcher" (PID 23466) exited with exit code 1
2023-11-16 19:50:08.715 CST [23461] LOG:  shutting down
2023-11-16 19:50:08.715 CST [23461] LOG:  checkpoint starting: shutdown immediate
2023-11-16 19:50:08.716 CST [23461] LOG:  checkpoint complete: wrote 3 buffers (0.0%); 0 WAL file(s) added, 0 removed, 0 recycled; write=0.001 s, sync=0.001 s, total=0.001 s; sync files=3, longest=0.001 s, average=0.001 s; distance=1 kB, estimate=3892 kB; lsn=0/200CB70, redo lsn=0/200CB70
2023-11-16 19:50:08.717 CST [23460] LOG:  database system is shut down
2023-11-16 19:50:09.700 CST [23732] LOG:  starting PostgreSQL 16.1 on aarch64-apple-darwin21.6.0, compiled by Apple clang version 14.0.0 (clang-1400.0.29.102), 64-bit
2023-11-16 19:50:09.701 CST [23732] LOG:  listening on IPv6 address "::1", port 5433
2023-11-16 19:50:09.701 CST [23732] LOG:  listening on IPv4 address "127.0.0.1", port 5433
2023-11-16 19:50:09.701 CST [23732] LOG:  listening on Unix socket "/tmp/.s.PGSQL.5433"
2023-11-16 19:50:09.703 CST [23735] LOG:  database system was shut down at 2023-11-16 19:50:08 CST
2023-11-16 19:50:09.705 CST [23732] LOG:  database system is ready to accept connections
2023-11-16 19:50:09.799 CST [23739] FATAL:  database "jesse" does not exist
2023-11-16 19:54:42.483 CST [23749] ERROR:  relation "users" already exists
2023-11-16 19:54:42.483 CST [23749] STATEMENT:  CREATE TABLE users (
	    user_id SERIAL PRIMARY KEY,
	    name VARCHAR(255),
	    role VARCHAR(100),
	    email VARCHAR(255)
	);
	
	CREATE TABLE clients (
	    client_id SERIAL PRIMARY KEY,
	    name VARCHAR(255),
	    contact_info VARCHAR(255)
	);
	
2023-11-16 19:55:09.703 CST [23733] LOG:  checkpoint starting: time
2023-11-16 19:55:14.793 CST [23733] LOG:  checkpoint complete: wrote 53 buffers (0.3%); 0 WAL file(s) added, 0 removed, 0 recycled; write=5.082 s, sync=0.005 s, total=5.091 s; sync files=44, longest=0.001 s, average=0.001 s; distance=210 kB, estimate=210 kB; lsn=0/20415B0, redo lsn=0/2041578
2023-11-16 20:00:09.794 CST [23733] LOG:  checkpoint starting: time
2023-11-16 20:00:17.693 CST [23733] LOG:  checkpoint complete: wrote 79 buffers (0.5%); 0 WAL file(s) added, 0 removed, 0 recycled; write=7.895 s, sync=0.004 s, total=7.900 s; sync files=59, longest=0.001 s, average=0.001 s; distance=393 kB, estimate=393 kB; lsn=0/20A39C0, redo lsn=0/20A3988
2023-11-16 20:40:09.646 CST [23733] LOG:  checkpoint starting: time
2023-11-16 20:40:10.667 CST [23733] LOG:  checkpoint complete: wrote 10 buffers (0.1%); 0 WAL file(s) added, 0 removed, 0 recycled; write=1.015 s, sync=0.002 s, total=1.021 s; sync files=6, longest=0.001 s, average=0.001 s; distance=53 kB, estimate=359 kB; lsn=0/20B0FC0, redo lsn=0/20B0F88
2023-11-16 21:13:52.893 CST [24701] FATAL:  database "jesse" does not exist
2023-11-16 21:15:09.717 CST [23733] LOG:  checkpoint starting: time
2023-11-16 21:15:09.825 CST [23733] LOG:  checkpoint complete: wrote 2 buffers (0.0%); 0 WAL file(s) added, 0 removed, 0 recycled; write=0.103 s, sync=0.001 s, total=0.109 s; sync files=2, longest=0.001 s, average=0.001 s; distance=3 kB, estimate=323 kB; lsn=0/20B1BE0, redo lsn=0/20B1BA8
2023-11-19 11:27:05.044 CST [29174] FATAL:  database "jesse" does not exist
2023-11-20 20:13:50.494 CST [31803] FATAL:  database "jesse" does not exist
2023-11-20 20:21:45.629 CST [32118] FATAL:  database "jesse" does not exist
2023-11-20 20:50:58.786 CST [32284] FATAL:  database "jesse" does not exist
2023-11-20 21:44:51.354 CST [23733] LOG:  checkpoint starting: time
2023-11-20 21:44:51.971 CST [23733] LOG:  checkpoint complete: wrote 6 buffers (0.0%); 0 WAL file(s) added, 0 removed, 0 recycled; write=0.611 s, sync=0.002 s, total=0.619 s; sync files=4, longest=0.001 s, average=0.001 s; distance=43 kB, estimate=295 kB; lsn=0/20BC8F0, redo lsn=0/20BC8B8
2023-11-24 19:22:41.678 CST [35180] FATAL:  database "jesse" does not exist
2023-11-24 19:23:01.931 CST [35234] FATAL:  database "jesse" does not exist
2023-11-24 20:02:31.949 CST [35751] FATAL:  database "jesse" does not exist
2023-11-26 10:04:49.733 CST [37938] FATAL:  database "jesse" does not exist
2023-11-26 10:04:51.710 CST [23732] LOG:  received fast shutdown request
2023-11-26 10:04:51.711 CST [23732] LOG:  aborting any active transactions
2023-11-26 10:04:51.712 CST [23741] FATAL:  terminating connection due to administrator command
2023-11-26 10:04:51.712 CST [23807] FATAL:  terminating connection due to administrator command
2023-11-26 10:04:51.712 CST [23796] FATAL:  terminating connection due to administrator command
2023-11-26 10:04:51.712 CST [23749] FATAL:  terminating connection due to administrator command
2023-11-26 10:04:51.712 CST [23799] FATAL:  terminating connection due to administrator command
2023-11-26 10:04:51.712 CST [23743] FATAL:  terminating connection due to administrator command
2023-11-26 10:04:51.712 CST [23732] LOG:  background worker "logical replication launcher" (PID 23738) exited with exit code 1
2023-11-26 10:04:51.714 CST [23733] LOG:  shutting down
2023-11-26 10:04:51.714 CST [23733] LOG:  checkpoint starting: shutdown immediate
2023-11-26 10:04:51.715 CST [23733] LOG:  checkpoint complete: wrote 1 buffers (0.0%); 0 WAL file(s) added, 0 removed, 0 recycled; write=0.001 s, sync=0.001 s, total=0.002 s; sync files=1, longest=0.001 s, average=0.001 s; distance=7 kB, estimate=266 kB; lsn=0/20BE690, redo lsn=0/20BE690
2023-11-26 10:04:51.717 CST [23732] LOG:  database system is shut down
2023-11-26 10:05:04.475 CST [37944] LOG:  starting PostgreSQL 16.1 on aarch64-apple-darwin21.6.0, compiled by Apple clang version 14.0.0 (clang-1400.0.29.102), 64-bit
2023-11-26 10:05:04.476 CST [37944] LOG:  listening on IPv6 address "::1", port 5433
2023-11-26 10:05:04.476 CST [37944] LOG:  listening on IPv4 address "127.0.0.1", port 5433
2023-11-26 10:05:04.476 CST [37944] LOG:  listening on Unix socket "/tmp/.s.PGSQL.5433"
2023-11-26 10:05:04.480 CST [37947] LOG:  database system was shut down at 2023-11-26 10:04:51 CST
2023-11-26 10:05:04.482 CST [37944] LOG:  database system is ready to accept connections
2023-11-26 10:05:04.568 CST [37951] FATAL:  database "jesse" does not exist
2023-11-26 10:05:32.510 CST [37977] FATAL:  database "jesse" does not exist
2023-11-26 10:05:43.922 CST [37978] FATAL:  database "jesse" does not exist
2023-11-26 10:10:04.485 CST [37945] LOG:  checkpoint starting: time
2023-11-26 10:10:04.494 CST [37945] LOG:  checkpoint complete: wrote 3 buffers (0.0%); 0 WAL file(s) added, 0 removed, 0 recycled; write=0.003 s, sync=0.001 s, total=0.009 s; sync files=2, longest=0.001 s, average=0.001 s; distance=0 kB, estimate=0 kB; lsn=0/20BE778, redo lsn=0/20BE740
2023-11-30 20:13:05.117 CST [42797] FATAL:  could not open file "global/pg_filenode.map": No such file or directory
2023-11-30 20:13:25.015 CST [37944] LOG:  could not open file "postmaster.pid": No such file or directory
2023-11-30 20:13:25.015 CST [37944] LOG:  performing immediate shutdown because data directory lock file is invalid
2023-11-30 20:13:25.015 CST [37944] LOG:  received immediate shutdown request
2023-11-30 20:13:25.015 CST [37944] LOG:  could not open file "postmaster.pid": No such file or directory
2023-11-30 20:13:25.021 CST [37944] LOG:  database system is shut down
2023-11-30 20:27:23.662 CST [43085] FATAL:  could not open directory "pg_notify": No such file or directory
2023-11-30 20:27:23.662 CST [43085] LOG:  database system is shut down
2023-11-30 20:27:47.378 CST [43089] FATAL:  could not open directory "pg_notify": No such file or directory
2023-11-30 20:27:47.378 CST [43089] LOG:  database system is shut down
2023-11-30 20:28:25.438 CST [43097] FATAL:  could not open directory "pg_notify": No such file or directory
2023-11-30 20:28:25.439 CST [43097] LOG:  database system is shut down
2023-11-30 20:29:20.634 CST [43106] LOG:  starting PostgreSQL 16.1 on aarch64-apple-darwin21.6.0, compiled by Apple clang version 14.0.0 (clang-1400.0.29.102), 64-bit
2023-11-30 20:29:20.635 CST [43106] LOG:  listening on IPv6 address "::1", port 5433
2023-11-30 20:29:20.635 CST [43106] LOG:  listening on IPv4 address "127.0.0.1", port 5433
2023-11-30 20:29:20.636 CST [43106] LOG:  listening on Unix socket "/tmp/.s.PGSQL.5433"
2023-11-30 20:29:20.640 CST [43109] LOG:  database system was interrupted; last known up at 2023-11-26 10:10:04 CST
2023-11-30 20:29:20.767 CST [43109] LOG:  database system was not properly shut down; automatic recovery in progress
2023-11-30 20:29:20.769 CST [43109] LOG:  redo starts at 0/20BE740
2023-11-30 20:29:20.769 CST [43109] LOG:  invalid record length at 0/20BE828: expected at least 24, got 0
2023-11-30 20:29:20.769 CST [43109] LOG:  redo done at 0/20BE7F0 system usage: CPU: user: 0.00 s, system: 0.00 s, elapsed: 0.00 s
2023-11-30 20:29:20.770 CST [43107] LOG:  checkpoint starting: end-of-recovery immediate wait
2023-11-30 20:29:20.773 CST [43107] LOG:  checkpoint complete: wrote 3 buffers (0.0%); 0 WAL file(s) added, 0 removed, 0 recycled; write=0.001 s, sync=0.001 s, total=0.003 s; sync files=2, longest=0.001 s, average=0.001 s; distance=0 kB, estimate=0 kB; lsn=0/20BE828, redo lsn=0/20BE828
2023-11-30 20:29:20.774 CST [43106] LOG:  database system is ready to accept connections
2023-11-30 20:29:20.844 CST [43128] FATAL:  database "jesse" does not exist
2023-11-30 20:39:15.010 CST [43274] FATAL:  database "jesse" does not exist
2023-11-30 20:39:16.732 CST [43106] LOG:  received fast shutdown request
2023-11-30 20:39:16.732 CST [43106] LOG:  aborting any active transactions
2023-11-30 20:39:16.733 CST [43130] FATAL:  terminating connection due to administrator command
2023-11-30 20:39:16.734 CST [43106] LOG:  background worker "logical replication launcher" (PID 43112) exited with exit code 1
2023-11-30 20:39:16.735 CST [43107] LOG:  shutting down
2023-11-30 20:39:16.735 CST [43107] LOG:  checkpoint starting: shutdown immediate
2023-11-30 20:39:16.737 CST [43107] LOG:  checkpoint complete: wrote 0 buffers (0.0%); 0 WAL file(s) added, 0 removed, 0 recycled; write=0.001 s, sync=0.001 s, total=0.002 s; sync files=0, longest=0.000 s, average=0.000 s; distance=0 kB, estimate=0 kB; lsn=0/20BE8D8, redo lsn=0/20BE8D8
2023-11-30 20:39:16.738 CST [43106] LOG:  database system is shut down
2023-11-30 20:39:18.678 CST [43279] LOG:  starting PostgreSQL 16.1 on aarch64-apple-darwin21.6.0, compiled by Apple clang version 14.0.0 (clang-1400.0.29.102), 64-bit
2023-11-30 20:39:18.679 CST [43279] LOG:  listening on IPv6 address "::1", port 5433
2023-11-30 20:39:18.679 CST [43279] LOG:  listening on IPv4 address "127.0.0.1", port 5433
2023-11-30 20:39:18.680 CST [43279] LOG:  listening on Unix socket "/tmp/.s.PGSQL.5433"
2023-11-30 20:39:18.684 CST [43282] LOG:  database system was shut down at 2023-11-30 20:39:16 CST
2023-11-30 20:39:18.685 CST [43279] LOG:  database system is ready to accept connections
2023-11-30 20:39:18.775 CST [43286] FATAL:  database "jesse" does not exist
2023-11-30 20:44:18.685 CST [43280] LOG:  checkpoint starting: time
2023-11-30 20:44:18.693 CST [43280] LOG:  checkpoint complete: wrote 3 buffers (0.0%); 0 WAL file(s) added, 0 removed, 0 recycled; write=0.002 s, sync=0.001 s, total=0.009 s; sync files=2, longest=0.001 s, average=0.001 s; distance=0 kB, estimate=0 kB; lsn=0/20BE9C0, redo lsn=0/20BE988
2023-11-30 20:45:36.644 CST [43527] FATAL:  database "vetsplace" does not exist
2023-11-30 21:17:23.686 CST [43748] FATAL:  database "vetsplace" does not exist
2023-11-30 21:17:25.591 CST [43751] FATAL:  database "vetsplace" does not exist
2023-11-30 21:17:26.885 CST [43752] FATAL:  database "vetsplace" does not exist
2023-11-30 21:17:28.368 CST [43753] FATAL:  database "vetsplace" does not exist
2023-11-30 21:17:34.706 CST [43756] FATAL:  database "vetsplace" does not exist
2023-11-30 21:17:35.443 CST [43757] FATAL:  database "vetsplace" does not exist
2023-11-30 21:17:36.366 CST [43760] FATAL:  database "vetsplace" does not exist
2023-11-30 21:17:37.918 CST [43761] FATAL:  database "vetsplace" does not exist
2023-11-30 21:17:38.342 CST [43762] FATAL:  database "vetsplace" does not exist
2023-11-30 21:17:38.561 CST [43763] FATAL:  database "vetsplace" does not exist
2023-11-30 21:17:38.741 CST [43764] FATAL:  database "vetsplace" does not exist
2023-11-30 21:17:38.920 CST [43765] FATAL:  database "vetsplace" does not exist
2023-11-30 21:17:39.093 CST [43766] FATAL:  database "vetsplace" does not exist
2023-11-30 21:17:39.245 CST [43767] FATAL:  database "vetsplace" does not exist
2023-11-30 21:17:39.534 CST [43768] FATAL:  database "vetsplace" does not exist
2023-11-30 21:20:18.065 CST [43781] FATAL:  database "vetsplace" does not exist
2023-11-30 21:20:18.792 CST [43782] FATAL:  database "vetsplace" does not exist
2023-11-30 21:25:07.159 CST [43805] FATAL:  database "vetsplace" does not exist
2023-11-30 21:25:08.110 CST [43806] FATAL:  database "vetsplace" does not exist
2023-11-30 21:25:08.369 CST [43809] FATAL:  database "vetsplace" does not exist
2023-11-30 21:25:08.531 CST [43810] FATAL:  database "vetsplace" does not exist
2023-11-30 21:25:08.695 CST [43811] FATAL:  database "vetsplace" does not exist
2023-11-30 21:26:00.703 CST [43821] FATAL:  database "vetsplace" does not exist
2023-11-30 21:26:01.570 CST [43822] FATAL:  database "vetsplace" does not exist
2023-11-30 21:26:01.835 CST [43825] FATAL:  database "vetsplace" does not exist
2023-11-30 21:26:02.032 CST [43826] FATAL:  database "vetsplace" does not exist
2023-11-30 21:26:02.286 CST [43827] FATAL:  database "vetsplace" does not exist
2023-11-30 21:26:02.530 CST [43828] FATAL:  database "vetsplace" does not exist
2023-11-30 21:37:54.910 CST [43902] FATAL:  database "vetsplace" does not exist
2023-11-30 21:37:58.019 CST [43905] FATAL:  database "vetsplace" does not exist
2023-11-30 21:38:09.753 CST [43909] FATAL:  database "vetsplace" does not exist
2023-11-30 21:38:12.772 CST [43912] FATAL:  database "vetsplace" does not exist
2023-11-30 21:38:13.612 CST [43914] FATAL:  database "vetsplace" does not exist
2023-11-30 21:38:13.798 CST [43915] FATAL:  database "vetsplace" does not exist
2023-11-30 21:38:14.016 CST [43916] FATAL:  database "vetsplace" does not exist
2023-11-30 21:38:14.210 CST [43917] FATAL:  database "vetsplace" does not exist
2023-11-30 21:38:14.383 CST [43918] FATAL:  database "vetsplace" does not exist
2023-11-30 21:38:14.545 CST [43919] FATAL:  database "vetsplace" does not exist
2023-11-30 21:38:14.767 CST [43920] FATAL:  database "vetsplace" does not exist
2023-11-30 21:38:15.143 CST [43921] FATAL:  database "vetsplace" does not exist
2023-11-30 21:38:15.396 CST [43922] FATAL:  database "vetsplace" does not exist
2023-11-30 21:38:15.820 CST [43925] FATAL:  database "vetsplace" does not exist
2023-11-30 21:38:17.290 CST [43926] FATAL:  database "vetsplace" does not exist
2023-11-30 21:38:17.465 CST [43927] FATAL:  database "vetsplace" does not exist
2023-11-30 21:38:17.627 CST [43928] FATAL:  database "vetsplace" does not exist
